2018-09-02 13:42:07,182 [Worker-4] INFO  c.g.e.m.h.c.ui.Html5AppCoreUIPlugin - Pluging started
2018-09-02 13:42:09,766 [main] ERROR org.eclipse.jgit.util.FS - Caught exception in FS.readPipe()
java.io.IOException: Cannot run program "bash" (in directory "C:\Users\10677"): CreateProcess error=2, ?????????
	at java.lang.ProcessBuilder.start(ProcessBuilder.java:1041) ~[na:1.7.0_45]
	at java.lang.Runtime.exec(Runtime.java:617) ~[na:1.7.0_45]
	at org.eclipse.jgit.util.FS.readPipe(FS.java:431) [org.eclipse.jgit_3.7.0.201502260915-r.jar:3.7.0.201502260915-r]
	at org.eclipse.jgit.util.FS_Win32.discoverGitPrefix(FS_Win32.java:113) [org.eclipse.jgit_3.7.0.201502260915-r.jar:3.7.0.201502260915-r]
	at org.eclipse.jgit.util.FS.gitPrefix(FS.java:517) [org.eclipse.jgit_3.7.0.201502260915-r.jar:3.7.0.201502260915-r]
	at org.eclipse.egit.ui.internal.ConfigurationChecker.checkGitPrefix(ConfigurationChecker.java:69) [org.eclipse.egit.ui_3.7.0.201502260915-r.jar:na]
	at org.eclipse.egit.ui.internal.ConfigurationChecker.check(ConfigurationChecker.java:61) [org.eclipse.egit.ui_3.7.0.201502260915-r.jar:na]
	at org.eclipse.egit.ui.internal.ConfigurationChecker.access$0(ConfigurationChecker.java:60) [org.eclipse.egit.ui_3.7.0.201502260915-r.jar:na]
	at org.eclipse.egit.ui.internal.ConfigurationChecker$1$1.run(ConfigurationChecker.java:48) [org.eclipse.egit.ui_3.7.0.201502260915-r.jar:na]
	at org.eclipse.swt.widgets.RunnableLock.run(RunnableLock.java:35) [org.eclipse.swt.win32.win32.x86_64_3.103.2.v20150203-1351.jar:na]
	at org.eclipse.swt.widgets.Synchronizer.runAsyncMessages(Synchronizer.java:136) [org.eclipse.swt.win32.win32.x86_64_3.103.2.v20150203-1351.jar:na]
	at org.eclipse.swt.widgets.Display.runAsyncMessages(Display.java:4147) [org.eclipse.swt.win32.win32.x86_64_3.103.2.v20150203-1351.jar:na]
	at org.eclipse.swt.widgets.Display.readAndDispatch(Display.java:3764) [org.eclipse.swt.win32.win32.x86_64_3.103.2.v20150203-1351.jar:na]
	at org.eclipse.e4.ui.internal.workbench.swt.PartRenderingEngine$9.run(PartRenderingEngine.java:1151) [org.eclipse.e4.ui.workbench.swt_0.12.100.v20141126-1150.jar:na]
	at org.eclipse.core.databinding.observable.Realm.runWithDefault(Realm.java:332) [org.eclipse.core.databinding.observable_1.4.1.v20140210-1835.jar:na]
	at org.eclipse.e4.ui.internal.workbench.swt.PartRenderingEngine.run(PartRenderingEngine.java:1032) [org.eclipse.e4.ui.workbench.swt_0.12.100.v20141126-1150.jar:na]
	at org.eclipse.e4.ui.internal.workbench.E4Workbench.createAndRunUI(E4Workbench.java:148) [org.eclipse.e4.ui.workbench_1.2.2.v20141212-1259.jar:na]
	at org.eclipse.ui.internal.Workbench$5.run(Workbench.java:636) [org.eclipse.ui.workbench_3.106.2.v20150204-1030.jar:na]
	at org.eclipse.core.databinding.observable.Realm.runWithDefault(Realm.java:332) [org.eclipse.core.databinding.observable_1.4.1.v20140210-1835.jar:na]
	at org.eclipse.ui.internal.Workbench.createAndRunWorkbench(Workbench.java:579) [org.eclipse.ui.workbench_3.106.2.v20150204-1030.jar:na]
	at org.eclipse.ui.PlatformUI.createAndRunWorkbench(PlatformUI.java:150) [org.eclipse.ui.workbench_3.106.2.v20150204-1030.jar:na]
	at org.eclipse.ui.internal.ide.application.IDEApplication.start(IDEApplication.java:135) [org.eclipse.ui.ide.application_1.0.501.v20141111-1238.jar:na]
	at org.eclipse.equinox.internal.app.EclipseAppHandle.run(EclipseAppHandle.java:196) [org.eclipse.equinox.app_1.3.200.v20130910-1609.jar:na]
	at org.eclipse.core.runtime.internal.adaptor.EclipseAppLauncher.runApplication(EclipseAppLauncher.java:134) [org.eclipse.osgi_3.10.2.v20150203-1939.jar:na]
	at org.eclipse.core.runtime.internal.adaptor.EclipseAppLauncher.start(EclipseAppLauncher.java:104) [org.eclipse.osgi_3.10.2.v20150203-1939.jar:na]
	at org.eclipse.core.runtime.adaptor.EclipseStarter.run(EclipseStarter.java:380) [org.eclipse.osgi_3.10.2.v20150203-1939.jar:na]
	at org.eclipse.core.runtime.adaptor.EclipseStarter.run(EclipseStarter.java:235) [org.eclipse.osgi_3.10.2.v20150203-1939.jar:na]
	at sun.reflect.NativeMethodAccessorImpl.invoke0(Native Method) ~[na:1.7.0_45]
	at sun.reflect.NativeMethodAccessorImpl.invoke(NativeMethodAccessorImpl.java:57) ~[na:1.7.0_45]
	at sun.reflect.DelegatingMethodAccessorImpl.invoke(DelegatingMethodAccessorImpl.java:43) ~[na:1.7.0_45]
	at java.lang.reflect.Method.invoke(Method.java:606) ~[na:1.7.0_45]
	at org.eclipse.equinox.launcher.Main.invokeFramework(Main.java:648) [OR45D0~1.JAR:na]
	at org.eclipse.equinox.launcher.Main.basicRun(Main.java:603) [OR45D0~1.JAR:na]
	at org.eclipse.equinox.launcher.Main.run(Main.java:1465) [OR45D0~1.JAR:na]
	at org.eclipse.equinox.launcher.Main.main(Main.java:1438) [OR45D0~1.JAR:na]
	at sun.reflect.NativeMethodAccessorImpl.invoke0(Native Method) ~[na:1.7.0_45]
	at sun.reflect.NativeMethodAccessorImpl.invoke(NativeMethodAccessorImpl.java:57) ~[na:1.7.0_45]
	at sun.reflect.DelegatingMethodAccessorImpl.invoke(DelegatingMethodAccessorImpl.java:43) ~[na:1.7.0_45]
	at java.lang.reflect.Method.invoke(Method.java:606) ~[na:1.7.0_45]
	at com.genuitec.pulse.eclipse.launcher.Main.main(Main.java:110) [pulse.i18n.jar:na]
Caused by: java.io.IOException: CreateProcess error=2, ?????????
	at java.lang.ProcessImpl.create(Native Method) ~[na:1.7.0_45]
	at java.lang.ProcessImpl.<init>(ProcessImpl.java:385) ~[na:1.7.0_45]
	at java.lang.ProcessImpl.start(ProcessImpl.java:136) ~[na:1.7.0_45]
	at java.lang.ProcessBuilder.start(ProcessBuilder.java:1022) ~[na:1.7.0_45]
	... 39 common frames omitted
2018-09-02 13:42:11,300 [Worker-12] INFO  o.e.m.c.i.i.nexus.NexusIndexManager - Updating index for repository: central|http://repo.maven.apache.org/maven2
2018-09-02 13:42:11,767 [Worker-2] INFO  o.e.m.c.i.e.AbstractTransferListenerAdapter - Downloaded http://repo.maven.apache.org/maven2/org/icefaces/icefaces/1.8.0/icefaces-1.8.0.jar
2018-09-02 13:42:12,916 [Worker-2] INFO  o.e.m.c.i.e.AbstractTransferListenerAdapter - Downloading http://repo.maven.apache.org/maven2/org/apache/maven/plugins/maven-clean-plugin/2.5/maven-clean-plugin-2.5.pom
2018-09-02 13:42:15,706 [Worker-2] INFO  o.e.m.c.i.e.AbstractTransferListenerAdapter - Downloaded http://repo.maven.apache.org/maven2/org/apache/maven/plugins/maven-clean-plugin/2.5/maven-clean-plugin-2.5.pom
2018-09-02 13:42:16,436 [Worker-2] INFO  o.e.m.c.i.e.AbstractTransferListenerAdapter - Downloading http://repo.maven.apache.org/maven2/org/apache/maven/plugins/maven-plugins/22/maven-plugins-22.pom
2018-09-02 13:42:18,541 [Worker-2] INFO  o.e.m.c.i.e.AbstractTransferListenerAdapter - Downloaded http://repo.maven.apache.org/maven2/org/apache/maven/plugins/maven-plugins/22/maven-plugins-22.pom
2018-09-02 13:42:19,162 [Worker-2] INFO  o.e.m.c.i.e.AbstractTransferListenerAdapter - Downloading http://repo.maven.apache.org/maven2/org/apache/maven/maven-parent/21/maven-parent-21.pom
2018-09-02 13:42:22,617 [Worker-2] INFO  o.e.m.c.i.e.AbstractTransferListenerAdapter - Downloaded http://repo.maven.apache.org/maven2/org/apache/maven/maven-parent/21/maven-parent-21.pom
2018-09-02 13:42:23,219 [Worker-2] INFO  o.e.m.c.i.e.AbstractTransferListenerAdapter - Downloading http://repo.maven.apache.org/maven2/org/apache/apache/10/apache-10.pom
2018-09-02 13:42:24,904 [Worker-2] INFO  o.e.m.c.i.e.AbstractTransferListenerAdapter - Downloaded http://repo.maven.apache.org/maven2/org/apache/apache/10/apache-10.pom
2018-09-02 13:42:24,933 [Worker-2] WARN  o.e.m.c.i.embedder.EclipseLogger - Failed to retrieve plugin descriptor for org.apache.maven.plugins:maven-clean-plugin:2.5: Plugin org.apache.maven.plugins:maven-clean-plugin:2.5 or one of its dependencies could not be resolved: Could not transfer artifact org.apache.maven.plugins:maven-clean-plugin:jar:2.5 from/to central (http://repo.maven.apache.org/maven2): No connector available to access repository central (http://repo.maven.apache.org/maven2) of type default using the available factories 
2018-09-02 13:42:24,940 [Worker-2] WARN  o.e.m.c.i.embedder.EclipseLogger - Failed to retrieve plugin descriptor for org.apache.maven.plugins:maven-install-plugin:2.4: Plugin org.apache.maven.plugins:maven-install-plugin:2.4 or one of its dependencies could not be resolved: Failed to read artifact descriptor for org.apache.maven.plugins:maven-install-plugin:jar:2.4
2018-09-02 13:42:24,947 [Worker-2] WARN  o.e.m.c.i.embedder.EclipseLogger - Failed to retrieve plugin descriptor for org.apache.maven.plugins:maven-deploy-plugin:2.7: Plugin org.apache.maven.plugins:maven-deploy-plugin:2.7 or one of its dependencies could not be resolved: Failed to read artifact descriptor for org.apache.maven.plugins:maven-deploy-plugin:jar:2.7
2018-09-02 13:42:24,951 [Worker-2] WARN  o.e.m.c.i.embedder.EclipseLogger - Failed to retrieve plugin descriptor for org.apache.maven.plugins:maven-site-plugin:3.3: Plugin org.apache.maven.plugins:maven-site-plugin:3.3 or one of its dependencies could not be resolved: Failed to read artifact descriptor for org.apache.maven.plugins:maven-site-plugin:jar:3.3
2018-09-02 13:42:24,953 [Worker-2] WARN  o.e.m.c.i.embedder.EclipseLogger - Failed to retrieve plugin descriptor for org.apache.maven.plugins:maven-antrun-plugin:1.3: Plugin org.apache.maven.plugins:maven-antrun-plugin:1.3 or one of its dependencies could not be resolved: Failed to read artifact descriptor for org.apache.maven.plugins:maven-antrun-plugin:jar:1.3
2018-09-02 13:42:24,956 [Worker-2] WARN  o.e.m.c.i.embedder.EclipseLogger - Failed to retrieve plugin descriptor for org.apache.maven.plugins:maven-assembly-plugin:2.2-beta-5: Plugin org.apache.maven.plugins:maven-assembly-plugin:2.2-beta-5 or one of its dependencies could not be resolved: Failed to read artifact descriptor for org.apache.maven.plugins:maven-assembly-plugin:jar:2.2-beta-5
2018-09-02 13:42:24,958 [Worker-2] WARN  o.e.m.c.i.embedder.EclipseLogger - Failed to retrieve plugin descriptor for org.apache.maven.plugins:maven-dependency-plugin:2.8: Plugin org.apache.maven.plugins:maven-dependency-plugin:2.8 or one of its dependencies could not be resolved: Failed to read artifact descriptor for org.apache.maven.plugins:maven-dependency-plugin:jar:2.8
2018-09-02 13:42:24,961 [Worker-2] WARN  o.e.m.c.i.embedder.EclipseLogger - Failed to retrieve plugin descriptor for org.apache.maven.plugins:maven-release-plugin:2.3.2: Plugin org.apache.maven.plugins:maven-release-plugin:2.3.2 or one of its dependencies could not be resolved: Failed to read artifact descriptor for org.apache.maven.plugins:maven-release-plugin:jar:2.3.2
2018-09-02 13:42:24,969 [Worker-2] WARN  o.e.m.c.i.embedder.EclipseLogger - Could not transfer metadata org.apache.maven.plugins/maven-metadata.xml from/to central (http://repo.maven.apache.org/maven2): No connector available to access repository central (http://repo.maven.apache.org/maven2) of type default using the available factories 
2018-09-02 13:42:24,970 [Worker-2] WARN  o.e.m.c.i.embedder.EclipseLogger - Could not transfer metadata org.codehaus.mojo/maven-metadata.xml from/to central (http://repo.maven.apache.org/maven2): No connector available to access repository central (http://repo.maven.apache.org/maven2) of type default using the available factories 
2018-09-02 13:42:24,972 [Worker-2] WARN  o.e.m.c.i.embedder.EclipseLogger - Failure to transfer org.apache.maven.plugins/maven-metadata.xml from http://repo.maven.apache.org/maven2 was cached in the local repository, resolution will not be reattempted until the update interval of central has elapsed or updates are forced. Original error: Could not transfer metadata org.apache.maven.plugins/maven-metadata.xml from/to central (http://repo.maven.apache.org/maven2): No connector available to access repository central (http://repo.maven.apache.org/maven2) of type default using the available factories 
2018-09-02 13:42:24,973 [Worker-2] WARN  o.e.m.c.i.embedder.EclipseLogger - Failure to transfer org.codehaus.mojo/maven-metadata.xml from http://repo.maven.apache.org/maven2 was cached in the local repository, resolution will not be reattempted until the update interval of central has elapsed or updates are forced. Original error: Could not transfer metadata org.codehaus.mojo/maven-metadata.xml from/to central (http://repo.maven.apache.org/maven2): No connector available to access repository central (http://repo.maven.apache.org/maven2) of type default using the available factories 
2018-09-02 13:42:26,839 [Worker-12] ERROR o.e.m.c.i.i.nexus.NexusIndexManager - Unable to update index for central|http://repo.maven.apache.org/maven2
org.eclipse.core.runtime.OperationCanceledException: null
	at org.eclipse.m2e.core.internal.index.nexus.AetherClientResourceFetcher.retrieve(AetherClientResourceFetcher.java:90) ~[org.eclipse.m2e.core_1.5.0.me201410311552.jar:na]
	at org.apache.maven.index.updater.AbstractResourceFetcher.retrieve(AbstractResourceFetcher.java:35) ~[indexer-core-3.1.0.jar:3.1.0]
	at org.apache.maven.index.updater.DefaultIndexUpdater$LocalCacheIndexAdaptor.setIndexFile(DefaultIndexUpdater.java:700) ~[indexer-core-3.1.0.jar:3.1.0]
	at org.apache.maven.index.updater.DefaultIndexUpdater.fetchAndUpdateIndex(DefaultIndexUpdater.java:829) ~[indexer-core-3.1.0.jar:3.1.0]
	at org.apache.maven.index.updater.DefaultIndexUpdater.fetchAndUpdateIndex(DefaultIndexUpdater.java:135) ~[indexer-core-3.1.0.jar:3.1.0]
	at org.eclipse.m2e.core.internal.index.nexus.NexusIndexManager.updateRemoteIndex(NexusIndexManager.java:1238) [org.eclipse.m2e.core_1.5.0.me201410311552.jar:na]
	at org.eclipse.m2e.core.internal.index.nexus.NexusIndexManager.updateIndex(NexusIndexManager.java:1193) [org.eclipse.m2e.core_1.5.0.me201410311552.jar:na]
	at org.eclipse.m2e.core.internal.index.nexus.NexusIndexManager$1.run(NexusIndexManager.java:703) [org.eclipse.m2e.core_1.5.0.me201410311552.jar:na]
	at org.eclipse.m2e.core.internal.index.nexus.IndexUpdaterJob.run(IndexUpdaterJob.java:72) [org.eclipse.m2e.core_1.5.0.me201410311552.jar:na]
	at org.eclipse.core.internal.jobs.Worker.run(Worker.java:54) [org.eclipse.core.jobs_3.6.1.v20141014-1248.jar:na]
2018-09-02 14:30:32,644 [main] ERROR org.eclipse.jgit.util.FS - Caught exception in FS.readPipe()
java.io.IOException: Cannot run program "bash" (in directory "C:\Users\10677"): CreateProcess error=2, ?????????
	at java.lang.ProcessBuilder.start(ProcessBuilder.java:1041) ~[na:1.7.0_45]
	at java.lang.Runtime.exec(Runtime.java:617) ~[na:1.7.0_45]
	at org.eclipse.jgit.util.FS.readPipe(FS.java:431) [org.eclipse.jgit_3.7.0.201502260915-r.jar:3.7.0.201502260915-r]
	at org.eclipse.jgit.util.FS_Win32.discoverGitPrefix(FS_Win32.java:113) [org.eclipse.jgit_3.7.0.201502260915-r.jar:3.7.0.201502260915-r]
	at org.eclipse.jgit.util.FS.gitPrefix(FS.java:517) [org.eclipse.jgit_3.7.0.201502260915-r.jar:3.7.0.201502260915-r]
	at org.eclipse.egit.ui.internal.ConfigurationChecker.checkGitPrefix(ConfigurationChecker.java:69) [org.eclipse.egit.ui_3.7.0.201502260915-r.jar:na]
	at org.eclipse.egit.ui.internal.ConfigurationChecker.check(ConfigurationChecker.java:61) [org.eclipse.egit.ui_3.7.0.201502260915-r.jar:na]
	at org.eclipse.egit.ui.internal.ConfigurationChecker.access$0(ConfigurationChecker.java:60) [org.eclipse.egit.ui_3.7.0.201502260915-r.jar:na]
	at org.eclipse.egit.ui.internal.ConfigurationChecker$1$1.run(ConfigurationChecker.java:48) [org.eclipse.egit.ui_3.7.0.201502260915-r.jar:na]
	at org.eclipse.swt.widgets.RunnableLock.run(RunnableLock.java:35) [org.eclipse.swt.win32.win32.x86_64_3.103.2.v20150203-1351.jar:na]
	at org.eclipse.swt.widgets.Synchronizer.runAsyncMessages(Synchronizer.java:136) [org.eclipse.swt.win32.win32.x86_64_3.103.2.v20150203-1351.jar:na]
	at org.eclipse.swt.widgets.Display.runAsyncMessages(Display.java:4147) [org.eclipse.swt.win32.win32.x86_64_3.103.2.v20150203-1351.jar:na]
	at org.eclipse.swt.widgets.Display.readAndDispatch(Display.java:3764) [org.eclipse.swt.win32.win32.x86_64_3.103.2.v20150203-1351.jar:na]
	at org.eclipse.e4.ui.internal.workbench.swt.PartRenderingEngine$9.run(PartRenderingEngine.java:1151) [org.eclipse.e4.ui.workbench.swt_0.12.100.v20141126-1150.jar:na]
	at org.eclipse.core.databinding.observable.Realm.runWithDefault(Realm.java:332) [org.eclipse.core.databinding.observable_1.4.1.v20140210-1835.jar:na]
	at org.eclipse.e4.ui.internal.workbench.swt.PartRenderingEngine.run(PartRenderingEngine.java:1032) [org.eclipse.e4.ui.workbench.swt_0.12.100.v20141126-1150.jar:na]
	at org.eclipse.e4.ui.internal.workbench.E4Workbench.createAndRunUI(E4Workbench.java:148) [org.eclipse.e4.ui.workbench_1.2.2.v20141212-1259.jar:na]
	at org.eclipse.ui.internal.Workbench$5.run(Workbench.java:636) [org.eclipse.ui.workbench_3.106.2.v20150204-1030.jar:na]
	at org.eclipse.core.databinding.observable.Realm.runWithDefault(Realm.java:332) [org.eclipse.core.databinding.observable_1.4.1.v20140210-1835.jar:na]
	at org.eclipse.ui.internal.Workbench.createAndRunWorkbench(Workbench.java:579) [org.eclipse.ui.workbench_3.106.2.v20150204-1030.jar:na]
	at org.eclipse.ui.PlatformUI.createAndRunWorkbench(PlatformUI.java:150) [org.eclipse.ui.workbench_3.106.2.v20150204-1030.jar:na]
	at org.eclipse.ui.internal.ide.application.IDEApplication.start(IDEApplication.java:135) [org.eclipse.ui.ide.application_1.0.501.v20141111-1238.jar:na]
	at org.eclipse.equinox.internal.app.EclipseAppHandle.run(EclipseAppHandle.java:196) [org.eclipse.equinox.app_1.3.200.v20130910-1609.jar:na]
	at org.eclipse.core.runtime.internal.adaptor.EclipseAppLauncher.runApplication(EclipseAppLauncher.java:134) [org.eclipse.osgi_3.10.2.v20150203-1939.jar:na]
	at org.eclipse.core.runtime.internal.adaptor.EclipseAppLauncher.start(EclipseAppLauncher.java:104) [org.eclipse.osgi_3.10.2.v20150203-1939.jar:na]
	at org.eclipse.core.runtime.adaptor.EclipseStarter.run(EclipseStarter.java:380) [org.eclipse.osgi_3.10.2.v20150203-1939.jar:na]
	at org.eclipse.core.runtime.adaptor.EclipseStarter.run(EclipseStarter.java:235) [org.eclipse.osgi_3.10.2.v20150203-1939.jar:na]
	at sun.reflect.NativeMethodAccessorImpl.invoke0(Native Method) ~[na:1.7.0_45]
	at sun.reflect.NativeMethodAccessorImpl.invoke(NativeMethodAccessorImpl.java:57) ~[na:1.7.0_45]
	at sun.reflect.DelegatingMethodAccessorImpl.invoke(DelegatingMethodAccessorImpl.java:43) ~[na:1.7.0_45]
	at java.lang.reflect.Method.invoke(Method.java:606) ~[na:1.7.0_45]
	at org.eclipse.equinox.launcher.Main.invokeFramework(Main.java:648) [OR45D0~1.JAR:na]
	at org.eclipse.equinox.launcher.Main.basicRun(Main.java:603) [OR45D0~1.JAR:na]
	at org.eclipse.equinox.launcher.Main.run(Main.java:1465) [OR45D0~1.JAR:na]
	at org.eclipse.equinox.launcher.Main.main(Main.java:1438) [OR45D0~1.JAR:na]
	at sun.reflect.NativeMethodAccessorImpl.invoke0(Native Method) ~[na:1.7.0_45]
	at sun.reflect.NativeMethodAccessorImpl.invoke(NativeMethodAccessorImpl.java:57) ~[na:1.7.0_45]
	at sun.reflect.DelegatingMethodAccessorImpl.invoke(DelegatingMethodAccessorImpl.java:43) ~[na:1.7.0_45]
	at java.lang.reflect.Method.invoke(Method.java:606) ~[na:1.7.0_45]
	at com.genuitec.pulse.eclipse.launcher.Main.main(Main.java:110) [pulse.i18n.jar:na]
Caused by: java.io.IOException: CreateProcess error=2, ?????????
	at java.lang.ProcessImpl.create(Native Method) ~[na:1.7.0_45]
	at java.lang.ProcessImpl.<init>(ProcessImpl.java:385) ~[na:1.7.0_45]
	at java.lang.ProcessImpl.start(ProcessImpl.java:136) ~[na:1.7.0_45]
	at java.lang.ProcessBuilder.start(ProcessBuilder.java:1022) ~[na:1.7.0_45]
	... 39 common frames omitted
2018-09-02 14:31:00,657 [Worker-7] INFO  o.e.m.c.i.i.nexus.NexusIndexManager - Updating index for repository: central|http://repo.maven.apache.org/maven2
2018-09-02 14:46:47,817 [Worker-7] ERROR o.e.m.c.i.i.nexus.NexusIndexManager - Unable to update index for central|http://repo.maven.apache.org/maven2
org.eclipse.core.runtime.OperationCanceledException: null
	at org.eclipse.m2e.core.internal.index.nexus.AetherClientResourceFetcher.retrieve(AetherClientResourceFetcher.java:90) ~[org.eclipse.m2e.core_1.5.0.me201410311552.jar:na]
	at org.apache.maven.index.updater.AbstractResourceFetcher.retrieve(AbstractResourceFetcher.java:35) ~[indexer-core-3.1.0.jar:3.1.0]
	at org.apache.maven.index.updater.DefaultIndexUpdater$LocalCacheIndexAdaptor.setIndexFile(DefaultIndexUpdater.java:700) ~[indexer-core-3.1.0.jar:3.1.0]
	at org.apache.maven.index.updater.DefaultIndexUpdater.fetchAndUpdateIndex(DefaultIndexUpdater.java:829) ~[indexer-core-3.1.0.jar:3.1.0]
	at org.apache.maven.index.updater.DefaultIndexUpdater.fetchAndUpdateIndex(DefaultIndexUpdater.java:135) ~[indexer-core-3.1.0.jar:3.1.0]
	at org.eclipse.m2e.core.internal.index.nexus.NexusIndexManager.updateRemoteIndex(NexusIndexManager.java:1238) [org.eclipse.m2e.core_1.5.0.me201410311552.jar:na]
	at org.eclipse.m2e.core.internal.index.nexus.NexusIndexManager.updateIndex(NexusIndexManager.java:1193) [org.eclipse.m2e.core_1.5.0.me201410311552.jar:na]
	at org.eclipse.m2e.core.internal.index.nexus.NexusIndexManager$1.run(NexusIndexManager.java:703) [org.eclipse.m2e.core_1.5.0.me201410311552.jar:na]
	at org.eclipse.m2e.core.internal.index.nexus.IndexUpdaterJob.run(IndexUpdaterJob.java:72) [org.eclipse.m2e.core_1.5.0.me201410311552.jar:na]
	at org.eclipse.core.internal.jobs.Worker.run(Worker.java:54) [org.eclipse.core.jobs_3.6.1.v20141014-1248.jar:na]
2018-09-03 08:06:49,144 [main] ERROR org.eclipse.jgit.util.FS - Caught exception in FS.readPipe()
java.io.IOException: Cannot run program "bash" (in directory "C:\Users\10677"): CreateProcess error=2, ?????????
	at java.lang.ProcessBuilder.start(ProcessBuilder.java:1041) ~[na:1.7.0_45]
	at java.lang.Runtime.exec(Runtime.java:617) ~[na:1.7.0_45]
	at org.eclipse.jgit.util.FS.readPipe(FS.java:431) [org.eclipse.jgit_3.7.0.201502260915-r.jar:3.7.0.201502260915-r]
	at org.eclipse.jgit.util.FS_Win32.discoverGitPrefix(FS_Win32.java:113) [org.eclipse.jgit_3.7.0.201502260915-r.jar:3.7.0.201502260915-r]
	at org.eclipse.jgit.util.FS.gitPrefix(FS.java:517) [org.eclipse.jgit_3.7.0.201502260915-r.jar:3.7.0.201502260915-r]
	at org.eclipse.egit.ui.internal.ConfigurationChecker.checkGitPrefix(ConfigurationChecker.java:69) [org.eclipse.egit.ui_3.7.0.201502260915-r.jar:na]
	at org.eclipse.egit.ui.internal.ConfigurationChecker.check(ConfigurationChecker.java:61) [org.eclipse.egit.ui_3.7.0.201502260915-r.jar:na]
	at org.eclipse.egit.ui.internal.ConfigurationChecker.access$0(ConfigurationChecker.java:60) [org.eclipse.egit.ui_3.7.0.201502260915-r.jar:na]
	at org.eclipse.egit.ui.internal.ConfigurationChecker$1$1.run(ConfigurationChecker.java:48) [org.eclipse.egit.ui_3.7.0.201502260915-r.jar:na]
	at org.eclipse.swt.widgets.RunnableLock.run(RunnableLock.java:35) [org.eclipse.swt.win32.win32.x86_64_3.103.2.v20150203-1351.jar:na]
	at org.eclipse.swt.widgets.Synchronizer.runAsyncMessages(Synchronizer.java:136) [org.eclipse.swt.win32.win32.x86_64_3.103.2.v20150203-1351.jar:na]
	at org.eclipse.swt.widgets.Display.runAsyncMessages(Display.java:4147) [org.eclipse.swt.win32.win32.x86_64_3.103.2.v20150203-1351.jar:na]
	at org.eclipse.swt.widgets.Display.readAndDispatch(Display.java:3764) [org.eclipse.swt.win32.win32.x86_64_3.103.2.v20150203-1351.jar:na]
	at org.eclipse.e4.ui.internal.workbench.swt.PartRenderingEngine$9.run(PartRenderingEngine.java:1151) [org.eclipse.e4.ui.workbench.swt_0.12.100.v20141126-1150.jar:na]
	at org.eclipse.core.databinding.observable.Realm.runWithDefault(Realm.java:332) [org.eclipse.core.databinding.observable_1.4.1.v20140210-1835.jar:na]
	at org.eclipse.e4.ui.internal.workbench.swt.PartRenderingEngine.run(PartRenderingEngine.java:1032) [org.eclipse.e4.ui.workbench.swt_0.12.100.v20141126-1150.jar:na]
	at org.eclipse.e4.ui.internal.workbench.E4Workbench.createAndRunUI(E4Workbench.java:148) [org.eclipse.e4.ui.workbench_1.2.2.v20141212-1259.jar:na]
	at org.eclipse.ui.internal.Workbench$5.run(Workbench.java:636) [org.eclipse.ui.workbench_3.106.2.v20150204-1030.jar:na]
	at org.eclipse.core.databinding.observable.Realm.runWithDefault(Realm.java:332) [org.eclipse.core.databinding.observable_1.4.1.v20140210-1835.jar:na]
	at org.eclipse.ui.internal.Workbench.createAndRunWorkbench(Workbench.java:579) [org.eclipse.ui.workbench_3.106.2.v20150204-1030.jar:na]
	at org.eclipse.ui.PlatformUI.createAndRunWorkbench(PlatformUI.java:150) [org.eclipse.ui.workbench_3.106.2.v20150204-1030.jar:na]
	at org.eclipse.ui.internal.ide.application.IDEApplication.start(IDEApplication.java:135) [org.eclipse.ui.ide.application_1.0.501.v20141111-1238.jar:na]
	at org.eclipse.equinox.internal.app.EclipseAppHandle.run(EclipseAppHandle.java:196) [org.eclipse.equinox.app_1.3.200.v20130910-1609.jar:na]
	at org.eclipse.core.runtime.internal.adaptor.EclipseAppLauncher.runApplication(EclipseAppLauncher.java:134) [org.eclipse.osgi_3.10.2.v20150203-1939.jar:na]
	at org.eclipse.core.runtime.internal.adaptor.EclipseAppLauncher.start(EclipseAppLauncher.java:104) [org.eclipse.osgi_3.10.2.v20150203-1939.jar:na]
	at org.eclipse.core.runtime.adaptor.EclipseStarter.run(EclipseStarter.java:380) [org.eclipse.osgi_3.10.2.v20150203-1939.jar:na]
	at org.eclipse.core.runtime.adaptor.EclipseStarter.run(EclipseStarter.java:235) [org.eclipse.osgi_3.10.2.v20150203-1939.jar:na]
	at sun.reflect.NativeMethodAccessorImpl.invoke0(Native Method) ~[na:1.7.0_45]
	at sun.reflect.NativeMethodAccessorImpl.invoke(NativeMethodAccessorImpl.java:57) ~[na:1.7.0_45]
	at sun.reflect.DelegatingMethodAccessorImpl.invoke(DelegatingMethodAccessorImpl.java:43) ~[na:1.7.0_45]
	at java.lang.reflect.Method.invoke(Method.java:606) ~[na:1.7.0_45]
	at org.eclipse.equinox.launcher.Main.invokeFramework(Main.java:648) [OR45D0~1.JAR:na]
	at org.eclipse.equinox.launcher.Main.basicRun(Main.java:603) [OR45D0~1.JAR:na]
	at org.eclipse.equinox.launcher.Main.run(Main.java:1465) [OR45D0~1.JAR:na]
	at org.eclipse.equinox.launcher.Main.main(Main.java:1438) [OR45D0~1.JAR:na]
	at sun.reflect.NativeMethodAccessorImpl.invoke0(Native Method) ~[na:1.7.0_45]
	at sun.reflect.NativeMethodAccessorImpl.invoke(NativeMethodAccessorImpl.java:57) ~[na:1.7.0_45]
	at sun.reflect.DelegatingMethodAccessorImpl.invoke(DelegatingMethodAccessorImpl.java:43) ~[na:1.7.0_45]
	at java.lang.reflect.Method.invoke(Method.java:606) ~[na:1.7.0_45]
	at com.genuitec.pulse.eclipse.launcher.Main.main(Main.java:110) [pulse.i18n.jar:na]
Caused by: java.io.IOException: CreateProcess error=2, ?????????
	at java.lang.ProcessImpl.create(Native Method) ~[na:1.7.0_45]
	at java.lang.ProcessImpl.<init>(ProcessImpl.java:385) ~[na:1.7.0_45]
	at java.lang.ProcessImpl.start(ProcessImpl.java:136) ~[na:1.7.0_45]
	at java.lang.ProcessBuilder.start(ProcessBuilder.java:1022) ~[na:1.7.0_45]
	... 39 common frames omitted
2018-09-03 08:06:55,065 [Worker-5] INFO  o.e.m.c.i.i.nexus.NexusIndexManager - Updating index for repository: central|http://repo.maven.apache.org/maven2
2018-09-03 08:07:55,253 [Worker-5] ERROR o.e.m.c.i.i.nexus.NexusIndexManager - Unable to update index for central|http://repo.maven.apache.org/maven2
org.eclipse.core.runtime.OperationCanceledException: null
	at org.eclipse.m2e.core.internal.index.nexus.AetherClientResourceFetcher.retrieve(AetherClientResourceFetcher.java:90) ~[org.eclipse.m2e.core_1.5.0.me201410311552.jar:na]
	at org.apache.maven.index.updater.AbstractResourceFetcher.retrieve(AbstractResourceFetcher.java:35) ~[indexer-core-3.1.0.jar:3.1.0]
	at org.apache.maven.index.updater.DefaultIndexUpdater$LocalCacheIndexAdaptor.setIndexFile(DefaultIndexUpdater.java:700) ~[indexer-core-3.1.0.jar:3.1.0]
	at org.apache.maven.index.updater.DefaultIndexUpdater.fetchAndUpdateIndex(DefaultIndexUpdater.java:829) ~[indexer-core-3.1.0.jar:3.1.0]
	at org.apache.maven.index.updater.DefaultIndexUpdater.fetchAndUpdateIndex(DefaultIndexUpdater.java:135) ~[indexer-core-3.1.0.jar:3.1.0]
	at org.eclipse.m2e.core.internal.index.nexus.NexusIndexManager.updateRemoteIndex(NexusIndexManager.java:1238) [org.eclipse.m2e.core_1.5.0.me201410311552.jar:na]
	at org.eclipse.m2e.core.internal.index.nexus.NexusIndexManager.updateIndex(NexusIndexManager.java:1193) [org.eclipse.m2e.core_1.5.0.me201410311552.jar:na]
	at org.eclipse.m2e.core.internal.index.nexus.NexusIndexManager$1.run(NexusIndexManager.java:703) [org.eclipse.m2e.core_1.5.0.me201410311552.jar:na]
	at org.eclipse.m2e.core.internal.index.nexus.IndexUpdaterJob.run(IndexUpdaterJob.java:72) [org.eclipse.m2e.core_1.5.0.me201410311552.jar:na]
	at org.eclipse.core.internal.jobs.Worker.run(Worker.java:54) [org.eclipse.core.jobs_3.6.1.v20141014-1248.jar:na]
2018-09-03 13:26:50,677 [main] ERROR org.eclipse.jgit.util.FS - Caught exception in FS.readPipe()
java.io.IOException: Cannot run program "bash" (in directory "C:\Users\10677"): CreateProcess error=2, ?????????
	at java.lang.ProcessBuilder.start(ProcessBuilder.java:1041) ~[na:1.7.0_45]
	at java.lang.Runtime.exec(Runtime.java:617) ~[na:1.7.0_45]
	at org.eclipse.jgit.util.FS.readPipe(FS.java:431) [org.eclipse.jgit_3.7.0.201502260915-r.jar:3.7.0.201502260915-r]
	at org.eclipse.jgit.util.FS_Win32.discoverGitPrefix(FS_Win32.java:113) [org.eclipse.jgit_3.7.0.201502260915-r.jar:3.7.0.201502260915-r]
	at org.eclipse.jgit.util.FS.gitPrefix(FS.java:517) [org.eclipse.jgit_3.7.0.201502260915-r.jar:3.7.0.201502260915-r]
	at org.eclipse.egit.ui.internal.ConfigurationChecker.checkGitPrefix(ConfigurationChecker.java:69) [org.eclipse.egit.ui_3.7.0.201502260915-r.jar:na]
	at org.eclipse.egit.ui.internal.ConfigurationChecker.check(ConfigurationChecker.java:61) [org.eclipse.egit.ui_3.7.0.201502260915-r.jar:na]
	at org.eclipse.egit.ui.internal.ConfigurationChecker.access$0(ConfigurationChecker.java:60) [org.eclipse.egit.ui_3.7.0.201502260915-r.jar:na]
	at org.eclipse.egit.ui.internal.ConfigurationChecker$1$1.run(ConfigurationChecker.java:48) [org.eclipse.egit.ui_3.7.0.201502260915-r.jar:na]
	at org.eclipse.swt.widgets.RunnableLock.run(RunnableLock.java:35) [org.eclipse.swt.win32.win32.x86_64_3.103.2.v20150203-1351.jar:na]
	at org.eclipse.swt.widgets.Synchronizer.runAsyncMessages(Synchronizer.java:136) [org.eclipse.swt.win32.win32.x86_64_3.103.2.v20150203-1351.jar:na]
	at org.eclipse.swt.widgets.Display.runAsyncMessages(Display.java:4147) [org.eclipse.swt.win32.win32.x86_64_3.103.2.v20150203-1351.jar:na]
	at org.eclipse.swt.widgets.Display.readAndDispatch(Display.java:3764) [org.eclipse.swt.win32.win32.x86_64_3.103.2.v20150203-1351.jar:na]
	at org.eclipse.e4.ui.internal.workbench.swt.PartRenderingEngine$9.run(PartRenderingEngine.java:1151) [org.eclipse.e4.ui.workbench.swt_0.12.100.v20141126-1150.jar:na]
	at org.eclipse.core.databinding.observable.Realm.runWithDefault(Realm.java:332) [org.eclipse.core.databinding.observable_1.4.1.v20140210-1835.jar:na]
	at org.eclipse.e4.ui.internal.workbench.swt.PartRenderingEngine.run(PartRenderingEngine.java:1032) [org.eclipse.e4.ui.workbench.swt_0.12.100.v20141126-1150.jar:na]
	at org.eclipse.e4.ui.internal.workbench.E4Workbench.createAndRunUI(E4Workbench.java:148) [org.eclipse.e4.ui.workbench_1.2.2.v20141212-1259.jar:na]
	at org.eclipse.ui.internal.Workbench$5.run(Workbench.java:636) [org.eclipse.ui.workbench_3.106.2.v20150204-1030.jar:na]
	at org.eclipse.core.databinding.observable.Realm.runWithDefault(Realm.java:332) [org.eclipse.core.databinding.observable_1.4.1.v20140210-1835.jar:na]
	at org.eclipse.ui.internal.Workbench.createAndRunWorkbench(Workbench.java:579) [org.eclipse.ui.workbench_3.106.2.v20150204-1030.jar:na]
	at org.eclipse.ui.PlatformUI.createAndRunWorkbench(PlatformUI.java:150) [org.eclipse.ui.workbench_3.106.2.v20150204-1030.jar:na]
	at org.eclipse.ui.internal.ide.application.IDEApplication.start(IDEApplication.java:135) [org.eclipse.ui.ide.application_1.0.501.v20141111-1238.jar:na]
	at org.eclipse.equinox.internal.app.EclipseAppHandle.run(EclipseAppHandle.java:196) [org.eclipse.equinox.app_1.3.200.v20130910-1609.jar:na]
	at org.eclipse.core.runtime.internal.adaptor.EclipseAppLauncher.runApplication(EclipseAppLauncher.java:134) [org.eclipse.osgi_3.10.2.v20150203-1939.jar:na]
	at org.eclipse.core.runtime.internal.adaptor.EclipseAppLauncher.start(EclipseAppLauncher.java:104) [org.eclipse.osgi_3.10.2.v20150203-1939.jar:na]
	at org.eclipse.core.runtime.adaptor.EclipseStarter.run(EclipseStarter.java:380) [org.eclipse.osgi_3.10.2.v20150203-1939.jar:na]
	at org.eclipse.core.runtime.adaptor.EclipseStarter.run(EclipseStarter.java:235) [org.eclipse.osgi_3.10.2.v20150203-1939.jar:na]
	at sun.reflect.NativeMethodAccessorImpl.invoke0(Native Method) ~[na:1.7.0_45]
	at sun.reflect.NativeMethodAccessorImpl.invoke(NativeMethodAccessorImpl.java:57) ~[na:1.7.0_45]
	at sun.reflect.DelegatingMethodAccessorImpl.invoke(DelegatingMethodAccessorImpl.java:43) ~[na:1.7.0_45]
	at java.lang.reflect.Method.invoke(Method.java:606) ~[na:1.7.0_45]
	at org.eclipse.equinox.launcher.Main.invokeFramework(Main.java:648) [OR45D0~1.JAR:na]
	at org.eclipse.equinox.launcher.Main.basicRun(Main.java:603) [OR45D0~1.JAR:na]
	at org.eclipse.equinox.launcher.Main.run(Main.java:1465) [OR45D0~1.JAR:na]
	at org.eclipse.equinox.launcher.Main.main(Main.java:1438) [OR45D0~1.JAR:na]
	at sun.reflect.NativeMethodAccessorImpl.invoke0(Native Method) ~[na:1.7.0_45]
	at sun.reflect.NativeMethodAccessorImpl.invoke(NativeMethodAccessorImpl.java:57) ~[na:1.7.0_45]
	at sun.reflect.DelegatingMethodAccessorImpl.invoke(DelegatingMethodAccessorImpl.java:43) ~[na:1.7.0_45]
	at java.lang.reflect.Method.invoke(Method.java:606) ~[na:1.7.0_45]
	at com.genuitec.pulse.eclipse.launcher.Main.main(Main.java:110) [pulse.i18n.jar:na]
Caused by: java.io.IOException: CreateProcess error=2, ?????????
	at java.lang.ProcessImpl.create(Native Method) ~[na:1.7.0_45]
	at java.lang.ProcessImpl.<init>(ProcessImpl.java:385) ~[na:1.7.0_45]
	at java.lang.ProcessImpl.start(ProcessImpl.java:136) ~[na:1.7.0_45]
	at java.lang.ProcessBuilder.start(ProcessBuilder.java:1022) ~[na:1.7.0_45]
	... 39 common frames omitted
2018-09-03 13:26:58,453 [Worker-5] INFO  o.e.m.c.i.i.nexus.NexusIndexManager - Updating index for repository: central|http://repo.maven.apache.org/maven2
2018-09-03 13:27:08,500 [Worker-5] ERROR o.e.m.c.i.i.nexus.NexusIndexManager - Unable to update index for central|http://repo.maven.apache.org/maven2
org.eclipse.core.runtime.OperationCanceledException: null
	at org.eclipse.m2e.core.internal.index.nexus.AetherClientResourceFetcher.retrieve(AetherClientResourceFetcher.java:90) ~[org.eclipse.m2e.core_1.5.0.me201410311552.jar:na]
	at org.apache.maven.index.updater.AbstractResourceFetcher.retrieve(AbstractResourceFetcher.java:35) ~[indexer-core-3.1.0.jar:3.1.0]
	at org.apache.maven.index.updater.DefaultIndexUpdater$LocalCacheIndexAdaptor.setIndexFile(DefaultIndexUpdater.java:700) ~[indexer-core-3.1.0.jar:3.1.0]
	at org.apache.maven.index.updater.DefaultIndexUpdater.fetchAndUpdateIndex(DefaultIndexUpdater.java:829) ~[indexer-core-3.1.0.jar:3.1.0]
	at org.apache.maven.index.updater.DefaultIndexUpdater.fetchAndUpdateIndex(DefaultIndexUpdater.java:135) ~[indexer-core-3.1.0.jar:3.1.0]
	at org.eclipse.m2e.core.internal.index.nexus.NexusIndexManager.updateRemoteIndex(NexusIndexManager.java:1238) [org.eclipse.m2e.core_1.5.0.me201410311552.jar:na]
	at org.eclipse.m2e.core.internal.index.nexus.NexusIndexManager.updateIndex(NexusIndexManager.java:1193) [org.eclipse.m2e.core_1.5.0.me201410311552.jar:na]
	at org.eclipse.m2e.core.internal.index.nexus.NexusIndexManager$1.run(NexusIndexManager.java:703) [org.eclipse.m2e.core_1.5.0.me201410311552.jar:na]
	at org.eclipse.m2e.core.internal.index.nexus.IndexUpdaterJob.run(IndexUpdaterJob.java:72) [org.eclipse.m2e.core_1.5.0.me201410311552.jar:na]
	at org.eclipse.core.internal.jobs.Worker.run(Worker.java:54) [org.eclipse.core.jobs_3.6.1.v20141014-1248.jar:na]
2018-09-04 08:34:18,575 [Worker-4] INFO  o.e.m.c.i.i.nexus.NexusIndexManager - Updating index for repository: central|http://repo.maven.apache.org/maven2
2018-09-04 08:53:27,357 [Worker-4] ERROR o.e.m.c.i.i.nexus.NexusIndexManager - Unable to update index for central|http://repo.maven.apache.org/maven2
java.net.UnknownHostException: repo.maven.apache.org
	at java.net.Inet6AddressImpl.lookupAllHostAddr(Native Method) ~[na:1.7.0_45]
	at java.net.InetAddress$1.lookupAllHostAddr(InetAddress.java:901) ~[na:1.7.0_45]
	at java.net.InetAddress.getAddressesFromNameService(InetAddress.java:1293) ~[na:1.7.0_45]
	at java.net.InetAddress.getAllByName0(InetAddress.java:1246) ~[na:1.7.0_45]
	at java.net.InetAddress.getAllByName(InetAddress.java:1162) ~[na:1.7.0_45]
	at java.net.InetAddress.getAllByName(InetAddress.java:1098) ~[na:1.7.0_45]
	at com.squareup.okhttp.internal.Dns$1.getAllByName(Dns.java:29) ~[okhttp-1.5.4.jar:na]
	at com.squareup.okhttp.internal.http.RouteSelector.resetNextInetSocketAddress(RouteSelector.java:232) ~[okhttp-1.5.4.jar:na]
	at com.squareup.okhttp.internal.http.RouteSelector.next(RouteSelector.java:124) ~[okhttp-1.5.4.jar:na]
	at com.squareup.okhttp.internal.http.HttpEngine.connect(HttpEngine.java:242) ~[okhttp-1.5.4.jar:na]
	at com.squareup.okhttp.internal.http.HttpEngine.sendRequest(HttpEngine.java:186) ~[okhttp-1.5.4.jar:na]
	at com.squareup.okhttp.internal.http.HttpURLConnectionImpl.execute(HttpURLConnectionImpl.java:375) ~[okhttp-1.5.4.jar:na]
	at com.squareup.okhttp.internal.http.HttpURLConnectionImpl.getResponse(HttpURLConnectionImpl.java:328) ~[okhttp-1.5.4.jar:na]
	at com.squareup.okhttp.internal.http.HttpURLConnectionImpl.getResponseCode(HttpURLConnectionImpl.java:493) ~[okhttp-1.5.4.jar:na]
	at io.tesla.aether.okhttp.OkHttpAetherClient.authenticate(OkHttpAetherClient.java:131) ~[aether-connector-okhttp-0.12.0.jar:0.12.0]
	at io.tesla.aether.okhttp.OkHttpAetherClient.get(OkHttpAetherClient.java:85) ~[aether-connector-okhttp-0.12.0.jar:0.12.0]
	at org.eclipse.m2e.core.internal.index.nexus.AetherClientResourceFetcher.retrieve(AetherClientResourceFetcher.java:79) ~[org.eclipse.m2e.core_1.5.0.me201410311552.jar:na]
	at org.apache.maven.index.updater.AbstractResourceFetcher.retrieve(AbstractResourceFetcher.java:35) ~[indexer-core-3.1.0.jar:3.1.0]
	at org.apache.maven.index.updater.DefaultIndexUpdater$LocalCacheIndexAdaptor.setIndexFile(DefaultIndexUpdater.java:700) ~[indexer-core-3.1.0.jar:3.1.0]
	at org.apache.maven.index.updater.DefaultIndexUpdater.fetchAndUpdateIndex(DefaultIndexUpdater.java:844) ~[indexer-core-3.1.0.jar:3.1.0]
	at org.apache.maven.index.updater.DefaultIndexUpdater.fetchAndUpdateIndex(DefaultIndexUpdater.java:135) ~[indexer-core-3.1.0.jar:3.1.0]
	at org.eclipse.m2e.core.internal.index.nexus.NexusIndexManager.updateRemoteIndex(NexusIndexManager.java:1238) [org.eclipse.m2e.core_1.5.0.me201410311552.jar:na]
	at org.eclipse.m2e.core.internal.index.nexus.NexusIndexManager.updateIndex(NexusIndexManager.java:1193) [org.eclipse.m2e.core_1.5.0.me201410311552.jar:na]
	at org.eclipse.m2e.core.internal.index.nexus.NexusIndexManager$1.run(NexusIndexManager.java:703) [org.eclipse.m2e.core_1.5.0.me201410311552.jar:na]
	at org.eclipse.m2e.core.internal.index.nexus.IndexUpdaterJob.run(IndexUpdaterJob.java:72) [org.eclipse.m2e.core_1.5.0.me201410311552.jar:na]
	at org.eclipse.core.internal.jobs.Worker.run(Worker.java:54) [org.eclipse.core.jobs_3.6.1.v20141014-1248.jar:na]
2018-09-04 09:25:08,470 [Worker-7] INFO  o.e.m.c.i.i.nexus.NexusIndexManager - Updating index for repository: central|http://repo.maven.apache.org/maven2
2018-09-04 09:25:48,175 [Worker-7] ERROR o.e.m.c.i.i.nexus.NexusIndexManager - Unable to update index for central|http://repo.maven.apache.org/maven2
org.eclipse.core.runtime.OperationCanceledException: null
	at org.eclipse.m2e.core.internal.index.nexus.AetherClientResourceFetcher.retrieve(AetherClientResourceFetcher.java:90) ~[org.eclipse.m2e.core_1.5.0.me201410311552.jar:na]
	at org.apache.maven.index.updater.AbstractResourceFetcher.retrieve(AbstractResourceFetcher.java:35) ~[indexer-core-3.1.0.jar:3.1.0]
	at org.apache.maven.index.updater.DefaultIndexUpdater$LocalCacheIndexAdaptor.setIndexFile(DefaultIndexUpdater.java:700) ~[indexer-core-3.1.0.jar:3.1.0]
	at org.apache.maven.index.updater.DefaultIndexUpdater.fetchAndUpdateIndex(DefaultIndexUpdater.java:829) ~[indexer-core-3.1.0.jar:3.1.0]
	at org.apache.maven.index.updater.DefaultIndexUpdater.fetchAndUpdateIndex(DefaultIndexUpdater.java:135) ~[indexer-core-3.1.0.jar:3.1.0]
	at org.eclipse.m2e.core.internal.index.nexus.NexusIndexManager.updateRemoteIndex(NexusIndexManager.java:1238) [org.eclipse.m2e.core_1.5.0.me201410311552.jar:na]
	at org.eclipse.m2e.core.internal.index.nexus.NexusIndexManager.updateIndex(NexusIndexManager.java:1193) [org.eclipse.m2e.core_1.5.0.me201410311552.jar:na]
	at org.eclipse.m2e.core.internal.index.nexus.NexusIndexManager$1.run(NexusIndexManager.java:703) [org.eclipse.m2e.core_1.5.0.me201410311552.jar:na]
	at org.eclipse.m2e.core.internal.index.nexus.IndexUpdaterJob.run(IndexUpdaterJob.java:72) [org.eclipse.m2e.core_1.5.0.me201410311552.jar:na]
	at org.eclipse.core.internal.jobs.Worker.run(Worker.java:54) [org.eclipse.core.jobs_3.6.1.v20141014-1248.jar:na]
2018-09-04 09:51:52,744 [Worker-5] INFO  o.e.m.c.i.i.nexus.NexusIndexManager - Updating index for repository: central|http://repo.maven.apache.org/maven2
2018-09-04 09:51:57,611 [Worker-5] ERROR o.e.m.c.i.i.nexus.NexusIndexManager - Unable to update index for central|http://repo.maven.apache.org/maven2
org.eclipse.core.runtime.OperationCanceledException: null
	at org.eclipse.m2e.core.internal.index.nexus.AetherClientResourceFetcher.retrieve(AetherClientResourceFetcher.java:90) ~[org.eclipse.m2e.core_1.5.0.me201410311552.jar:na]
	at org.apache.maven.index.updater.AbstractResourceFetcher.retrieve(AbstractResourceFetcher.java:35) ~[indexer-core-3.1.0.jar:3.1.0]
	at org.apache.maven.index.updater.DefaultIndexUpdater$LocalCacheIndexAdaptor.setIndexFile(DefaultIndexUpdater.java:700) ~[indexer-core-3.1.0.jar:3.1.0]
	at org.apache.maven.index.updater.DefaultIndexUpdater.fetchAndUpdateIndex(DefaultIndexUpdater.java:829) ~[indexer-core-3.1.0.jar:3.1.0]
	at org.apache.maven.index.updater.DefaultIndexUpdater.fetchAndUpdateIndex(DefaultIndexUpdater.java:135) ~[indexer-core-3.1.0.jar:3.1.0]
	at org.eclipse.m2e.core.internal.index.nexus.NexusIndexManager.updateRemoteIndex(NexusIndexManager.java:1238) [org.eclipse.m2e.core_1.5.0.me201410311552.jar:na]
	at org.eclipse.m2e.core.internal.index.nexus.NexusIndexManager.updateIndex(NexusIndexManager.java:1193) [org.eclipse.m2e.core_1.5.0.me201410311552.jar:na]
	at org.eclipse.m2e.core.internal.index.nexus.NexusIndexManager$1.run(NexusIndexManager.java:703) [org.eclipse.m2e.core_1.5.0.me201410311552.jar:na]
	at org.eclipse.m2e.core.internal.index.nexus.IndexUpdaterJob.run(IndexUpdaterJob.java:72) [org.eclipse.m2e.core_1.5.0.me201410311552.jar:na]
	at org.eclipse.core.internal.jobs.Worker.run(Worker.java:54) [org.eclipse.core.jobs_3.6.1.v20141014-1248.jar:na]
2018-09-04 13:16:13,272 [Worker-0] INFO  o.e.m.c.i.i.nexus.NexusIndexManager - Updating index for repository: central|http://repo.maven.apache.org/maven2
2018-09-04 13:20:10,845 [Worker-0] ERROR o.e.m.c.i.i.nexus.NexusIndexManager - Unable to update index for central|http://repo.maven.apache.org/maven2
org.eclipse.core.runtime.OperationCanceledException: null
	at org.eclipse.m2e.core.internal.index.nexus.AetherClientResourceFetcher.retrieve(AetherClientResourceFetcher.java:90) ~[org.eclipse.m2e.core_1.5.0.me201410311552.jar:na]
	at org.apache.maven.index.updater.AbstractResourceFetcher.retrieve(AbstractResourceFetcher.java:35) ~[indexer-core-3.1.0.jar:3.1.0]
	at org.apache.maven.index.updater.DefaultIndexUpdater$LocalCacheIndexAdaptor.setIndexFile(DefaultIndexUpdater.java:700) ~[indexer-core-3.1.0.jar:3.1.0]
	at org.apache.maven.index.updater.DefaultIndexUpdater.fetchAndUpdateIndex(DefaultIndexUpdater.java:829) ~[indexer-core-3.1.0.jar:3.1.0]
	at org.apache.maven.index.updater.DefaultIndexUpdater.fetchAndUpdateIndex(DefaultIndexUpdater.java:135) ~[indexer-core-3.1.0.jar:3.1.0]
	at org.eclipse.m2e.core.internal.index.nexus.NexusIndexManager.updateRemoteIndex(NexusIndexManager.java:1238) [org.eclipse.m2e.core_1.5.0.me201410311552.jar:na]
	at org.eclipse.m2e.core.internal.index.nexus.NexusIndexManager.updateIndex(NexusIndexManager.java:1193) [org.eclipse.m2e.core_1.5.0.me201410311552.jar:na]
	at org.eclipse.m2e.core.internal.index.nexus.NexusIndexManager$1.run(NexusIndexManager.java:703) [org.eclipse.m2e.core_1.5.0.me201410311552.jar:na]
	at org.eclipse.m2e.core.internal.index.nexus.IndexUpdaterJob.run(IndexUpdaterJob.java:72) [org.eclipse.m2e.core_1.5.0.me201410311552.jar:na]
	at org.eclipse.core.internal.jobs.Worker.run(Worker.java:54) [org.eclipse.core.jobs_3.6.1.v20141014-1248.jar:na]
2018-09-04 15:53:37,338 [Worker-0] INFO  o.e.m.c.i.i.nexus.NexusIndexManager - Updating index for repository: central|http://repo.maven.apache.org/maven2
2018-09-04 15:53:53,246 [Worker-0] ERROR o.e.m.c.i.i.nexus.NexusIndexManager - Unable to update index for central|http://repo.maven.apache.org/maven2
org.eclipse.core.runtime.OperationCanceledException: null
	at org.eclipse.m2e.core.internal.index.nexus.AetherClientResourceFetcher.retrieve(AetherClientResourceFetcher.java:90) ~[org.eclipse.m2e.core_1.5.0.me201410311552.jar:na]
	at org.apache.maven.index.updater.AbstractResourceFetcher.retrieve(AbstractResourceFetcher.java:35) ~[indexer-core-3.1.0.jar:3.1.0]
	at org.apache.maven.index.updater.DefaultIndexUpdater$LocalCacheIndexAdaptor.setIndexFile(DefaultIndexUpdater.java:700) ~[indexer-core-3.1.0.jar:3.1.0]
	at org.apache.maven.index.updater.DefaultIndexUpdater.fetchAndUpdateIndex(DefaultIndexUpdater.java:829) ~[indexer-core-3.1.0.jar:3.1.0]
	at org.apache.maven.index.updater.DefaultIndexUpdater.fetchAndUpdateIndex(DefaultIndexUpdater.java:135) ~[indexer-core-3.1.0.jar:3.1.0]
	at org.eclipse.m2e.core.internal.index.nexus.NexusIndexManager.updateRemoteIndex(NexusIndexManager.java:1238) [org.eclipse.m2e.core_1.5.0.me201410311552.jar:na]
	at org.eclipse.m2e.core.internal.index.nexus.NexusIndexManager.updateIndex(NexusIndexManager.java:1193) [org.eclipse.m2e.core_1.5.0.me201410311552.jar:na]
	at org.eclipse.m2e.core.internal.index.nexus.NexusIndexManager$1.run(NexusIndexManager.java:703) [org.eclipse.m2e.core_1.5.0.me201410311552.jar:na]
	at org.eclipse.m2e.core.internal.index.nexus.IndexUpdaterJob.run(IndexUpdaterJob.java:72) [org.eclipse.m2e.core_1.5.0.me201410311552.jar:na]
	at org.eclipse.core.internal.jobs.Worker.run(Worker.java:54) [org.eclipse.core.jobs_3.6.1.v20141014-1248.jar:na]
2018-09-04 15:58:41,516 [Worker-1] INFO  o.e.m.c.i.i.nexus.NexusIndexManager - Updating index for repository: central|http://repo.maven.apache.org/maven2
2018-09-04 15:59:03,788 [Worker-1] ERROR o.e.m.c.i.i.nexus.NexusIndexManager - Unable to update index for central|http://repo.maven.apache.org/maven2
org.eclipse.core.runtime.OperationCanceledException: null
	at org.eclipse.m2e.core.internal.index.nexus.AetherClientResourceFetcher.retrieve(AetherClientResourceFetcher.java:90) ~[org.eclipse.m2e.core_1.5.0.me201410311552.jar:na]
	at org.apache.maven.index.updater.AbstractResourceFetcher.retrieve(AbstractResourceFetcher.java:35) ~[indexer-core-3.1.0.jar:3.1.0]
	at org.apache.maven.index.updater.DefaultIndexUpdater$LocalCacheIndexAdaptor.setIndexFile(DefaultIndexUpdater.java:700) ~[indexer-core-3.1.0.jar:3.1.0]
	at org.apache.maven.index.updater.DefaultIndexUpdater.fetchAndUpdateIndex(DefaultIndexUpdater.java:829) ~[indexer-core-3.1.0.jar:3.1.0]
	at org.apache.maven.index.updater.DefaultIndexUpdater.fetchAndUpdateIndex(DefaultIndexUpdater.java:135) ~[indexer-core-3.1.0.jar:3.1.0]
	at org.eclipse.m2e.core.internal.index.nexus.NexusIndexManager.updateRemoteIndex(NexusIndexManager.java:1238) [org.eclipse.m2e.core_1.5.0.me201410311552.jar:na]
	at org.eclipse.m2e.core.internal.index.nexus.NexusIndexManager.updateIndex(NexusIndexManager.java:1193) [org.eclipse.m2e.core_1.5.0.me201410311552.jar:na]
	at org.eclipse.m2e.core.internal.index.nexus.NexusIndexManager$1.run(NexusIndexManager.java:703) [org.eclipse.m2e.core_1.5.0.me201410311552.jar:na]
	at org.eclipse.m2e.core.internal.index.nexus.IndexUpdaterJob.run(IndexUpdaterJob.java:72) [org.eclipse.m2e.core_1.5.0.me201410311552.jar:na]
	at org.eclipse.core.internal.jobs.Worker.run(Worker.java:54) [org.eclipse.core.jobs_3.6.1.v20141014-1248.jar:na]
